<?xml version="1.0" encoding="UTF-8"?>
<!-- Generated by org.testng.reporters.JUnitReportReporter -->
<testsuite skipped="0" hostname="Hossain" name="createDataBase.Maintains_DB" tests="1" failures="0" timestamp="03 May 2019 09:16:54 GMT" time="2.282" errors="0">
  <testcase name="to_see_Table" time="2.282" classname="createDataBase.Maintains_DB"/>
</testsuite> <!-- createDataBase.Maintains_DB -->
