<?xml version="1.0" encoding="UTF-8"?>
<!-- Generated by org.testng.reporters.JUnitReportReporter -->
<testsuite skipped="0" hostname="Hossain" name="createDataBase.CreateNewDB" tests="1" failures="0" timestamp="03 May 2019 12:56:27 GMT" time="4.634" errors="0">
  <testcase name="delete_existing_column" time="4.634" classname="createDataBase.CreateNewDB"/>
</testsuite> <!-- createDataBase.CreateNewDB -->
