<?xml version="1.0" encoding="UTF-8"?>
<!-- Generated by org.testng.reporters.JUnitReportReporter -->
<testsuite skipped="0" hostname="Hossain" name="executeMySQL.DataValidate" tests="1" failures="0" timestamp="07 May 2019 06:58:50 GMT" time="2.179" errors="0">
  <testcase name="email_validate_with_MySQL" time="2.179" classname="executeMySQL.DataValidate"/>
</testsuite> <!-- executeMySQL.DataValidate -->
