<?xml version="1.0" encoding="UTF-8"?>
<!-- Generated by org.testng.reporters.JUnitReportReporter -->
<testsuite skipped="0" hostname="Hossain" name="connectMySQL.ConnectMySQL" tests="1" failures="0" timestamp="03 May 2019 01:20:28 GMT" time="4.878" errors="0">
  <testcase name="testDB" time="4.878" classname="connectMySQL.ConnectMySQL"/>
</testsuite> <!-- connectMySQL.ConnectMySQL -->
